C51 COMPILER V9.54   MAIN                                                                  08/04/2018 21:55:38 PAGE 1   


C51 COMPILER V9.54, COMPILATION OF MODULE MAIN
OBJECT MODULE PLACED IN .\Objects\main.obj
COMPILER INVOKED BY: D:\Keil_v5\C51\BIN\C51.EXE main.c OPTIMIZE(8,SPEED) BROWSE DEBUG OBJECTEXTEND PRINT(.\Listings\main
                    -.lst) TABS(2) OBJECT(.\Objects\main.obj)

line level    source

   1          #include<reg52.h>
   2          #include<serial.h>
   3          #include<delay.h>
   4          #include<motor.h>
   5          #define uint unsigned int
   6          #define uchar unsigned char
   7          unsigned char time0;
   8          unsigned char duty;
   9          void Timer0Init();
  10          
  11          void main()
  12          {
  13   1        duty=15;
  14   1        Timer0Init();
  15   1        SerialInit();
  16   1        
  17   1        while(1)
  18   1        {   
  19   2          SendString("uio90");Delayms(1000);  
  20   2          StraightRun(15);Delayms(1000);    
  21   2          TurnLeft(15);Delayms(1000);   
  22   2      //   TurnRight(15);Delayms(2000);   
  23   2        }     
  24   1      }
  25          void Timer0Init()
  26          {
  27   1        TMOD=0x01;
  28   1        TH0=(65536-100)/256;
  29   1        TL0=(65536-100)%256;
  30   1        EA=1;
  31   1        ET0=1;
  32   1        TR0=1;
  33   1      }
  34          
  35          void tim0() interrupt 1
  36          {
  37   1        TR0=0;
  38   1        TH0=(65536-100)/256;
  39   1        TL0=(65536-100)%256;
  40   1        TR0=1;
  41   1       
  42   1        time0++;
  43   1        
  44   1        if(time0>=100)  //100Hz
  45   1        {
  46   2        time0=0;
  47   2        }   
  48   1        if(time0<=duty)  
  49   1        {
  50   2        PWM0=1;PWM1=1;PWM2=1;PWM3=1;
  51   2        }  
  52   1        else 
  53   1        {
  54   2        PWM0=0;PWM1=0;PWM2=0;PWM3=0;
C51 COMPILER V9.54   MAIN                                                                  08/04/2018 21:55:38 PAGE 2   

  55   2        }
  56   1      }


MODULE INFORMATION:   STATIC OVERLAYABLE
   CODE SIZE        =    123    ----
   CONSTANT SIZE    =      6    ----
   XDATA SIZE       =   ----    ----
   PDATA SIZE       =   ----    ----
   DATA SIZE        =      2    ----
   IDATA SIZE       =   ----    ----
   BIT SIZE         =   ----    ----
END OF MODULE INFORMATION.


C51 COMPILATION COMPLETE.  0 WARNING(S),  0 ERROR(S)
