C51 COMPILER V9.54   MOTOR                                                                 08/04/2018 21:55:38 PAGE 1   


C51 COMPILER V9.54, COMPILATION OF MODULE MOTOR
OBJECT MODULE PLACED IN .\Objects\motor.obj
COMPILER INVOKED BY: D:\Keil_v5\C51\BIN\C51.EXE motor.c OPTIMIZE(8,SPEED) BROWSE DEBUG OBJECTEXTEND PRINT(.\Listings\mot
                    -or.lst) TABS(2) OBJECT(.\Objects\motor.obj)

line level    source

   1          #include<reg52.h>
   2          #include<motor.h>
   3          #include<delay.h>
   4          
   5          extern unsigned char time0; 
   6          extern unsigned char duty;
   7          
   8          void MotorStop()
   9          {
  10   1        PWM0=0;PWM1=0;
  11   1        PWM2=0;PWM3=0;
  12   1      
  13   1        IN0=0;IN1=0;
  14   1        IN2=0;IN3=0;
  15   1        IN4=0;IN5=0;
  16   1        IN6=0;IN7=0;
  17   1        
  18   1        Delayms(20);
  19   1      }
  20          
  21          void TurnLeft(unsigned char m)
  22          {
  23   1        duty=m;
  24   1        IN0=1;IN1=0;
  25   1        IN2=0;IN3=0;
  26   1        IN4=0;IN5=0;
  27   1        IN6=1;IN7=0;
  28   1      }
  29          
  30          void TurnRight(unsigned char n)
  31          {
  32   1        duty=n;
  33   1        IN0=0;IN1=0;
  34   1        IN2=1;IN3=0;
  35   1        IN4=1;IN5=0;
  36   1        IN6=0;IN7=0;
  37   1      }
  38          
  39          void StraightRun(unsigned char k)
  40          {
  41   1        duty=k;
  42   1        IN0=1;IN1=0;
  43   1        IN2=1;IN3=0;
  44   1        IN4=1;IN5=0;
  45   1        IN6=1;IN7=0;
  46   1      }


MODULE INFORMATION:   STATIC OVERLAYABLE
   CODE SIZE        =     88    ----
   CONSTANT SIZE    =   ----    ----
   XDATA SIZE       =   ----    ----
   PDATA SIZE       =   ----    ----
   DATA SIZE        =   ----    ----
C51 COMPILER V9.54   MOTOR                                                                 08/04/2018 21:55:38 PAGE 2   

   IDATA SIZE       =   ----    ----
   BIT SIZE         =   ----    ----
END OF MODULE INFORMATION.


C51 COMPILATION COMPLETE.  0 WARNING(S),  0 ERROR(S)
