C51 COMPILER V9.54   SERIAL                                                                08/04/2018 21:55:38 PAGE 1   


C51 COMPILER V9.54, COMPILATION OF MODULE SERIAL
OBJECT MODULE PLACED IN .\Objects\serial.obj
COMPILER INVOKED BY: D:\Keil_v5\C51\BIN\C51.EXE serial.c OPTIMIZE(8,SPEED) BROWSE DEBUG OBJECTEXTEND PRINT(.\Listings\se
                    -rial.lst) TABS(2) OBJECT(.\Objects\serial.obj)

line level    source

   1          #include<reg52.h>
   2          #include<serial.h>
   3          #include<delay.h>
   4          
   5          /*
   6          void SerialInit(){
   7           TMOD=0x20;  
   8           TH1=0xfd; 
   9           TL1=0xfd; 
  10           TR1=1;  
  11           SM0=0;  
  12           SM1=1;  
  13           REN=1;  
  14          
  15           EA=1; 
  16           ES=1; 
  17          }
  18          */
  19          
  20          void SerialInit(){
  21   1         PCON &= 0x7F;      
  22   1           SCON = 0x50;      
  23   1           T2CON  = 0x34;   
  24   1           RCAP2H = 0xFF;    
  25   1           RCAP2L = 0xDC;  
  26   1           TH2    = 0xFF;  
  27   1           TL2    = 0xDC;
  28   1           
  29   1         EA=1; 
  30   1           ES = 1;     
  31   1      
  32   1      }
  33          
  34          
  35          
  36          void SerialPortInte(void) interrupt 4 
  37          {
  38   1         unsigned char rbyte;
  39   1         if(RI){     
  40   2               RI=0;
  41   2           rbyte=SBUF; 
  42   2           if(rbyte==0x0A){     
  43   3              SendString("??");
  44   3           }else if(rbyte==0x0D){
  45   3            SendString("??");
  46   3           }else{
  47   3            SendByte(rbyte); 
  48   3           }
  49   2            
  50   2           }
  51   1      }
  52          
  53          
  54          void SendByte(unsigned char sbyte)
C51 COMPILER V9.54   SERIAL                                                                08/04/2018 21:55:38 PAGE 2   

  55          { 
  56   1           SBUF=sbyte; 
  57   1           while(!TI); 
  58   1           TI=0; 
  59   1      }
  60          
  61          void SendString(unsigned char *pstr) 
  62          {
  63   1           while(*pstr!='\0') 
  64   1           {
  65   2               SendByte(*pstr);
  66   2               pstr++; 
  67   2           }
  68   1      }


MODULE INFORMATION:   STATIC OVERLAYABLE
   CODE SIZE        =    145    ----
   CONSTANT SIZE    =      3    ----
   XDATA SIZE       =   ----    ----
   PDATA SIZE       =   ----    ----
   DATA SIZE        =   ----       1
   IDATA SIZE       =   ----    ----
   BIT SIZE         =   ----    ----
END OF MODULE INFORMATION.


C51 COMPILATION COMPLETE.  0 WARNING(S),  0 ERROR(S)
